make all --print-data-base --no-builtin-variables --no-builtin-rules --question
# GNU Make 3.81
# Copyright (C) 2006  Free Software Foundation, Inc.
# This is free software; see the source for copying conditions.
# There is NO warranty; not even for MERCHANTABILITY or FITNESS FOR A
# PARTICULAR PURPOSE.

# This program built for i386-apple-darwin11.3.0
 

# Make data base, printed on Fri Jul 15 14:09:49 2022

# Variables

# automatic
<D = $(patsubst %/,%,$(dir $<))
 
# automatic
?F = $(notdir $?)
# environment
ELECTRON_NO_ATTACH_CONSOLE = 1
# environment
LC_CTYPE = UTF-8
# automatic
?D = $(patsubst %/,%,$(dir $?))
# automatic
@D = $(patsubst %/,%,$(dir $@))
# automatic
@F = $(notdir $@)
# makefile
CURDIR := /Users/offreitas/git/pcs-3746-operating-sys/3/initramfs
# makefile
SHELL = /bin/sh
# environment
VSCODE_NLS_CONFIG = {"locale":"en-us","availableLanguages":{},"_languagePackSupport":true}
# environment
_ = /usr/bin/make
# makefile (from `Makefile', line 1)
MAKEFILE_LIST :=  Makefile
# environment
__CFBundleIdentifier = com.microsoft.VSCode
# environment
VSCODE_CWD = /Users/offreitas/git/pcs-3746-operating-sys
# environment
PATH = /Users/offreitas/Library/Python/3.8/bin:/bin:/usr/bin:/usr/local/bin:/usr/local/bin:/usr/bin:/bin:/usr/sbin:/sbin:/Library/Apple/usr/bin:/Applications/Visual Studio Code.app/Contents/Resources/app/bin:/opt/homebrew/bin:/usr/local/bin/chromedriver
# makefile (from `Makefile', line 2)
USR_BIN_FILES := mount_fs tree write_test read_test
# environment
ELECTRON_RUN_AS_NODE = 1
# default
.FEATURES := target-specific order-only second-expansion else-if archives jobserver check-symlink
# environment
SSH_AUTH_SOCK = /private/tmp/com.apple.launchd.iZBrKAedsD/Listeners
# automatic
%F = $(notdir $%)
# environment
PWD = /Users/offreitas/git/pcs-3746-operating-sys/3/initramfs
# makefile (from `Makefile', line 6)
USR_BIN := build/initramfs_root/usr/bin/mount_fs build/initramfs_root/usr/bin/tree build/initramfs_root/usr/bin/write_test build/initramfs_root/usr/bin/read_test
# environment
ORIGINAL_XDG_CURRENT_DESKTOP = undefined
# environment
VSCODE_AMD_ENTRYPOINT = vs/workbench/api/node/extensionHostProcess
# environment
HOME = /Users/offreitas
# default
MAKEFILEPATH = $(shell /usr/bin/xcode-select -print-path 2>/dev/null || echo /Developer)/Makefiles
# environment
VSCODE_CLI = 1
# environment
VSCODE_CODE_CACHE_PATH = /Users/offreitas/Library/Application Support/Code/CachedData/b06ae3b2d2dbfe28bca3134cc6be65935cdfea6a
# environment
LOGNAME = offreitas
# environment
APPLICATION_INSIGHTS_NO_DIAGNOSTIC_CHANNEL = 1
# environment
VSCODE_HANDLES_UNCAUGHT_ERRORS = true
# automatic
^D = $(patsubst %/,%,$(dir $^))
# environment
XPC_FLAGS = 0x0
# default
MAKE = $(MAKE_COMMAND)
# default
MAKECMDGOALS := all
# environment
SHLVL = 3
# makefile (from `Makefile', line 1)
CC = $(CROSS_COMPILE)gcc -Wall -Wextra -Werror -static -g
# default
MAKE_VERSION := 3.81
# environment
USER = offreitas
# makefile
.DEFAULT_GOAL := all
# environment
TERM_SESSION_ID = 0027DDC6-EEF9-48A7-8CC6-435FD81839E8
# automatic
%D = $(patsubst %/,%,$(dir $%))
# default
MAKE_COMMAND := /Library/Developer/CommandLineTools/usr/bin/make
# environment
TERM_PROGRAM = Apple_Terminal
# default
.VARIABLES := 
# environment
TMPDIR = /var/folders/7z/_3fmb_q96_55qssj17rxzq3c0000gn/T/
# automatic
*F = $(notdir $*)
# environment
VSCODE_IPC_HOOK = /Users/offreitas/Library/Application Support/Code/1.69.1-main.sock
# environment
 
MallocNanoZone = 0
# makefile
MAKEFLAGS = Rrqp
# environment
MFLAGS = -Rrqp
# automatic
*D = $(patsubst %/,%,$(dir $*))
# environment
TERM_PROGRAM_VERSION = 445
# environment
XPC_SERVICE_NAME = application.com.microsoft.VSCode.10771987.10771993.D4A49259-BAB5-4691-A9A2-C6A6BFFD377B
# automatic
+D = $(patsubst %/,%,$(dir $+))
# automatic
+F = $(notdir $+)
# environment
__CF_USER_TEXT_ENCODING = 0x1F5:0x0:0x0
# environment
COMMAND_MODE = unix2003
# default
MAKEFILES := 
# automatic
<F = $(notdir $<)
# environment
LC_ALL = C
# automatic
^F = $(notdir $^)
# default
SUFFIXES := 
# default
.INCLUDE_DIRS = /usr/local/include
# environment
MAKELEVEL := 0
# environment
CLICOLOR = 1
# environment
LANG = C
# environment
TERM = xterm-256color
# environment
VSCODE_PID = 2667
# variable set hash-table stats:
# Load=69/1024=7%, Rehash=0, Collisions=1/102=1%

# Pattern-specific Variable Values

# No pattern-specific variable values.

# Directories

# . (device 16777233, inode 6168177): 17 files, no impossibilities.

# 17 files, no impossibilities in 1 directories.

# Implicit Rules

# No implicit rules.

# Files

# Not a target:
mount_fs.o:
#  Implicit rule search has been done.
 
#  Last modified 2022-07-10 13:09:35
#  File has been updated.
#  Successfully updated.
# variable set hash-table stats:
# Load=0/32=0%, Rehash=0, Collisions=0/0=0%

build/initramfs_root/init: init.o
#  Implicit rule search has not been done.
#  Last modified 2022-07-10 13:09:36
#  File has been updated.
#  Successfully updated.
# variable set hash-table stats:
# Load=0/32=0%, Rehash=0, Collisions=0/0=0%
#  commands to execute (from `Makefile', line 23):
	$(CC) -o $@ $^
	

build/initramfs_root/usr/bin/read_test: read_test.o
#  Implicit rule search has not been done.
#  Implicit/static pattern stem: `read_test'
#  Last modified 2022-07-14 21:15:02
#  File has been updated.
#  Successfully updated.
# variable set hash-table stats:
# Load=0/32=0%, Rehash=0, Collisions=0/0=0%
#  commands to execute (from `Makefile', line 26):
	$(CC) -o $@ $^ -lm
	

# Not a target:
read_test.o:
#  Implicit rule search has been done.
#  Last modified 2022-07-14 21:15:00
#  File has been updated.
#  Successfully updated.
# variable set hash-table stats:
# Load=0/32=0%, Rehash=0, Collisions=0/0=0%

build/rootfs.gz: build/initramfs_root/init build/initramfs_root/usr/bin/mount_fs build/initramfs_root/usr/bin/tree build/initramfs_root/usr/bin/write_test build/initramfs_root/usr/bin/read_test busybox
#  Implicit rule search has not been done.
#  Last modified 2022-07-14 21:39:54
#  File has been updated.
#  Needs to be updated (-q is set).
# variable set hash-table stats:
# Load=0/32=0%, Rehash=0, Collisions=0/4=0%
#  commands to execute (from `Makefile', line 19):
	cp -ruav rootfs/. build/initramfs_root/
	cd build/initramfs_root ; find -print0 | cpio -0 -ov -H newc | gzip -9 > ../rootfs.gz
	

all: build/rootfs.gz
#  Phony target (prerequisite of .PHONY).
#  Command-line target.
#  Implicit rule search has not been done.
#  File does not exist.
#  File has been updated.
#  Needs to be updated (-q is set).
# variable set hash-table stats:
# Load=0/32=0%, Rehash=0, Collisions=0/4=0%

.PHONY: all clean busybox
#  Implicit rule search has not been done.
#  Modification time never checked.
#  File has not been updated.

build/initramfs_root/usr/bin/write_test: write_test.o
#  Implicit rule search has not been done.
#  Implicit/static pattern stem: `write_test'
#  Last modified 2022-07-14 21:15:02
#  File has been updated.
#  Successfully updated.
# variable set hash-table stats:
# Load=0/32=0%, Rehash=0, Collisions=0/0=0%
#  commands to execute (from `Makefile', line 26):
	$(CC) -o $@ $^ -lm
	

# Not a target:
.SUFFIXES:
#  Implicit rule search has not been done.
#  Modification time never checked.
#  File has not been updated.

# Not a target:
Makefile:
#  Implicit rule search has been done.
#  Last modified 2022-07-13 22:43:32
#  File has been updated.
#  Successfully updated.
# variable set hash-table stats:
# Load=0/32=0%, Rehash=0, Collisions=0/0=0%

# Not a target:
write_test.o:
#  Implicit rule search has been done.
#  Last modified 2022-07-14 21:15:00
#  File has been updated.
#  Successfully updated.
# variable set hash-table stats:
# Load=0/32=0%, Rehash=0, Collisions=0/0=0%

# Not a target:
.DEFAULT:
#  Implicit rule search has not been done.
#  Modification time never checked.
#  File has not been updated.

# Not a target:
tree.o:
#  Implicit rule search has been done.
#  Last modified 2022-07-10 13:09:35
#  File has been updated.
#  Successfully updated.
# variable set hash-table stats:
# Load=0/32=0%, Rehash=0, Collisions=0/0=0%

clean:
#  Phony target (prerequisite of .PHONY).
#  Implicit rule search has not been done.
#  File does not exist.
#  File has not been updated.
#  commands to execute (from `Makefile', line 15):
	rm -rf build
	find -name '*.o' -delete
	

# Not a target:
init.o:
#  Implicit rule search has been done.
#  Last modified 2022-07-10 13:09:35
#  File has been updated.
#  Successfully updated.
# variable set hash-table stats:
# Load=0/32=0%, Rehash=0, Collisions=0/0=0%

build/initramfs_root/usr/bin/tree: tree.o
#  Implicit rule search has not been done.
#  Implicit/static pattern stem: `tree'
#  Last modified 2022-07-10 13:09:36
#  File has been updated.
#  Successfully updated.
# variable set hash-table stats:
# Load=0/32=0%, Rehash=0, Collisions=0/0=0%
#  commands to execute (from `Makefile', line 26):
	$(CC) -o $@ $^ -lm
	

busybox:
#  Phony target (prerequisite of .PHONY).
#  Implicit rule search has not been done.
#  Implicit/static pattern stem: `'
#  File does not exist.
#  File has been updated.
#  Needs to be updated (-q is set).
# automatic
# @ := busybox
# automatic
# % := 
# automatic
# * := 
# automatic
# + := 
 
# automatic
# | := 
# automatic
# < := 
# automatic
# ^ := 
# automatic
# ? := 
# variable set hash-table stats:
# Load=8/32=25%, Rehash=0, Collisions=2/12=17%
#  commands to execute (from `Makefile', line 29):
	./busybox/configure.sh
	$(MAKE) -C busybox/busybox
	cp -uav busybox/busybox/busybox build/initramfs_root/usr/bin/busybox
	

build/initramfs_root/usr/bin/mount_fs: mount_fs.o
#  Implicit rule search has not been done.
#  Implicit/static pattern stem: `mount_fs'
#  Last modified 2022-07-10 13:09:36
#  File has been updated.
#  Successfully updated.
# variable set hash-table stats:
# Load=0/32=0%, Rehash=0, Collisions=0/0=0%
#  commands to execute (from `Makefile', line 26):
	$(CC) -o $@ $^ -lm
	

# files hash-table stats:
# Load=18/1024=2%, Rehash=0, Collisions=2/47=4%
# VPATH Search Paths

# No `vpath' search paths.

# No general (`VPATH' variable) search path.

# # of strings in strcache: 1
# # of strcache buffers: 1
# strcache size: total = 4096 / max = 4096 / min = 4096 / avg = 4096
# strcache free: total = 4087 / max = 4087 / min = 4087 / avg = 4087

# Finished Make data base on Fri Jul 15 14:09:49 2022

 
